c:\openframeworks\of_v0.9.8_vs_release\apps\myapps\plot2colordots\obj\debug\ofxslider.obj
c:\openframeworks\of_v0.9.8_vs_release\apps\myapps\plot2colordots\obj\debug\main.obj
c:\openframeworks\of_v0.9.8_vs_release\apps\myapps\plot2colordots\obj\debug\ofxbutton.obj
c:\openframeworks\of_v0.9.8_vs_release\apps\myapps\plot2colordots\obj\debug\ofxtoggle.obj
c:\openframeworks\of_v0.9.8_vs_release\apps\myapps\plot2colordots\obj\debug\ofxbasegui.obj
c:\openframeworks\of_v0.9.8_vs_release\apps\myapps\plot2colordots\obj\debug\ofxlabel.obj
c:\openframeworks\of_v0.9.8_vs_release\apps\myapps\plot2colordots\obj\debug\ofxpanel.obj
c:\openframeworks\of_v0.9.8_vs_release\apps\myapps\plot2colordots\obj\debug\ofxslidergroup.obj
c:\openframeworks\of_v0.9.8_vs_release\apps\myapps\plot2colordots\obj\debug\ofxguigroup.obj
c:\openframeworks\of_v0.9.8_vs_release\apps\myapps\plot2colordots\obj\debug\ofapp.obj
c:\openframeworks\of_v0.9.8_vs_release\apps\myapps\plot2colordots\obj\debug\vc140.pdb
c:\openframeworks\of_v0.9.8_vs_release\apps\myapps\plot2colordots\bin\plot2colordots_debug.ilk
c:\openframeworks\of_v0.9.8_vs_release\apps\myapps\plot2colordots\bin\plot2colordots_debug.exe
c:\openframeworks\of_v0.9.8_vs_release\apps\myapps\plot2colordots\bin\plot2colordots_debug.pdb
c:\openframeworks\of_v0.9.8_vs_release\apps\myapps\plot2colordots\bin\plot2colordots_debug.lib
c:\openframeworks\of_v0.9.8_vs_release\apps\myapps\plot2colordots\bin\plot2colordots_debug.exp
c:\openframeworks\of_v0.9.8_vs_release\apps\myapps\plot2colordots\obj\debug\icon.res
c:\openframeworks\of_v0.9.8_vs_release\apps\myapps\plot2colordots\obj\debug\plot2colordots.vcxprojresolveassemblyreference.cache
c:\openframeworks\of_v0.9.8_vs_release\apps\myapps\plot2colordots\obj\debug\plot2colordots.tlog\cl.command.1.tlog
c:\openframeworks\of_v0.9.8_vs_release\apps\myapps\plot2colordots\obj\debug\plot2colordots.tlog\cl.read.1.tlog
c:\openframeworks\of_v0.9.8_vs_release\apps\myapps\plot2colordots\obj\debug\plot2colordots.tlog\cl.write.1.tlog
c:\openframeworks\of_v0.9.8_vs_release\apps\myapps\plot2colordots\obj\debug\plot2colordots.tlog\link.command.1.tlog
c:\openframeworks\of_v0.9.8_vs_release\apps\myapps\plot2colordots\obj\debug\plot2colordots.tlog\link.read.1.tlog
c:\openframeworks\of_v0.9.8_vs_release\apps\myapps\plot2colordots\obj\debug\plot2colordots.tlog\link.write.1.tlog
c:\openframeworks\of_v0.9.8_vs_release\apps\myapps\plot2colordots\obj\debug\plot2colordots.tlog\plot2colordots.write.1u.tlog
c:\openframeworks\of_v0.9.8_vs_release\apps\myapps\plot2colordots\obj\debug\plot2colordots.tlog\rc.command.1.tlog
c:\openframeworks\of_v0.9.8_vs_release\apps\myapps\plot2colordots\obj\debug\plot2colordots.tlog\rc.read.1.tlog
c:\openframeworks\of_v0.9.8_vs_release\apps\myapps\plot2colordots\obj\debug\plot2colordots.tlog\rc.write.1.tlog
